<?xml version="1.0" encoding="UTF-8" ?>
<testsuite failures="0" time="0.307" errors="0" skipped="0" tests="11" name="net.sourceforge.jlevenshtein.LevenshteinTest">
  <properties>
    <property name="java.runtime.name" value="Java(TM) SE Runtime Environment"/>
    <property name="sun.boot.library.path" value="C:\Program Files\Java\jdk1.6.0_35\jre\bin"/>
    <property name="java.vm.version" value="20.10-b01"/>
    <property name="java.vm.vendor" value="Sun Microsystems Inc."/>
    <property name="java.vendor.url" value="http://java.sun.com/"/>
    <property name="path.separator" value=";"/>
    <property name="guice.disable.misplaced.annotation.check" value="true"/>
    <property name="java.vm.name" value="Java HotSpot(TM) 64-Bit Server VM"/>
    <property name="file.encoding.pkg" value="sun.io"/>
    <property name="user.country" value="US"/>
    <property name="sun.java.launcher" value="SUN_STANDARD"/>
    <property name="sun.os.patch.level" value="Service Pack 1"/>
    <property name="java.vm.specification.name" value="Java Virtual Machine Specification"/>
    <property name="user.dir" value="C:\Users\Karthik\workspace_j2ee\jLevenshtein_v0_2"/>
    <property name="java.runtime.version" value="1.6.0_35-b10"/>
    <property name="java.awt.graphicsenv" value="sun.awt.Win32GraphicsEnvironment"/>
    <property name="java.endorsed.dirs" value="C:\Program Files\Java\jdk1.6.0_35\jre\lib\endorsed"/>
    <property name="os.arch" value="amd64"/>
    <property name="java.io.tmpdir" value="C:\Users\Karthik\AppData\Local\Temp\"/>
    <property name="line.separator" value="
"/>
    <property name="java.vm.specification.vendor" value="Sun Microsystems Inc."/>
    <property name="user.variant" value=""/>
    <property name="os.name" value="Windows 7"/>
    <property name="classworlds.conf" value="C:\Users\Karthik\workspace_j2ee\.metadata\.plugins\org.eclipse.m2e.launching\launches\m2conf2862195846097166547.tmp"/>
    <property name="sun.jnu.encoding" value="Cp1252"/>
    <property name="java.library.path" value="C:\Program Files\Java\jdk1.6.0_35\bin;C:\Windows\Sun\Java\bin;C:\Windows\system32;C:\Windows;C:/Program Files/Java/jdk1.6.0_35/bin/../jre/bin/server;C:/Program Files/Java/jdk1.6.0_35/bin/../jre/bin;C:/Program Files/Java/jdk1.6.0_35/bin/../jre/lib/amd64;C:\Program Files (x86)\MiKTeX 2.9\miktex\bin\;.;C:\Program Files\Java\jdk1.6.0_35\bin;.;C:\Program Files\MySQL\MySQL Server 5.5\bin;C:\Program Files\VanDyke Software\Clients\;C:\Python27;C:\Program Files (x86)\CodeBlocks\MinGW\bin;C:\apache-maven-3.1.0-alpha-1\bin;C:\Program Files (x86)\MiKTeX 2.9\miktex\bin\;.;C:\Program Files\Java\jdk1.6.0_35\bin;.;C:\Program Files\MySQL\MySQL Server 5.5\bin;C:\Program Files\VanDyke Software\Clients\;C:\Python27;C:\Program Files (x86)\CodeBlocks\MinGW\bin;C:\apache-maven-3.1.0-alpha-1\bin;C:\Program Files (x86)\MiKTeX 2.9\miktex\bin\;.;C:\Program Files\Java\jdk1.6.0_35\bin;.;C:\Program Files\MySQL\MySQL Server 5.5\bin;C:\Program Files\VanDyke Software\Clients\;C:\Python27;C:\Program Files (x86)\CodeBlocks\MinGW\bin;C:\apache-maven-3.1.0-alpha-1\bin;C:\Windows\System32;.;C:\db-derby-10.10.1.1-bin\bin;C:\Windows\System32;.;C:\Program Files\TortoiseSVN\bin;C:\Program Files (x86)\QuickTime\QTSystem\;C:\Program Files\VideoLAN\VLC;.;C:\db-derby-10.10.1.1-bin\bin;C:\Program Files (x86)\MiKTeX 2.9\miktex\bin\;.;C:\Program Files\Java\jdk1.6.0_35\bin;.;C:\Program Files\MySQL\MySQL Server 5.5\bin;C:\Program Files\VanDyke Software\Clients\;C:\Python27;C:\Program Files (x86)\CodeBlocks\MinGW\bin;C:\apache-maven-3.1.0-alpha-1\bin;C:\Windows\System32;.;C:\db-derby-10.10.1.1-bin\bin;C:\Windows\System32;.;C:\Program Files\TortoiseSVN\bin;C:\Program Files (x86)\QuickTime\QTSystem\;C:\Program Files\VideoLAN\VLC;.;C:\Program Files\TortoiseSVN\bin;C:\Program Files (x86)\QuickTime\QTSystem\;C:\Program Files\VideoLAN\VLC;.;C:\db-derby-10.10.1.1-bin\bin;C:\Program Files (x86)\MiKTeX 2.9\miktex\bin\;.;C:\Program Files\Java\jdk1.6.0_35\bin;.;C:\Program Files\MySQL\MySQL Server 5.5\bin;C:\Program Files\VanDyke Software\Clients\;C:\Python27;C:\Program Files (x86)\CodeBlocks\MinGW\bin;C:\apache-maven-3.1.0-alpha-1\bin;C:\Program Files (x86)\MiKTeX 2.9\miktex\bin\;.;C:\Program Files\Java\jdk1.6.0_35\bin;.;C:\Program Files\MySQL\MySQL Server 5.5\bin;C:\Program Files\VanDyke Software\Clients\;C:\Python27;C:\Program Files (x86)\CodeBlocks\MinGW\bin;C:\apache-maven-3.1.0-alpha-1\bin;C:\Windows\System32;.;C:\db-derby-10.10.1.1-bin\bin;C:\Windows\System32;.;C:\Program Files\TortoiseSVN\bin;C:\Program Files (x86)\QuickTime\QTSystem\;C:\Program Files\VideoLAN\VLC;.;C:\db-derby-10.10.1.1-bin\bin;C:\Program Files (x86)\MiKTeX 2.9\miktex\bin\;.;C:\Program Files\Java\jdk1.6.0_35\bin;.;C:\Program Files\MySQL\MySQL Server 5.5\bin;C:\Program Files\VanDyke Software\Clients\;C:\Python27;C:\Program Files (x86)\CodeBlocks\MinGW\bin;C:\apache-maven-3.1.0-alpha-1\bin;C:\Windows\System32;.;C:\db-derby-10.10.1.1-bin\bin;C:\Windows\System32;.;C:\Program Files\TortoiseSVN\bin;C:\Program Files (x86)\QuickTime\QTSystem\;C:\Program Files\VideoLAN\VLC;.;C:\Program Files\TortoiseSVN\bin;C:\Program Files (x86)\QuickTime\QTSystem\;C:\Program Files\VideoLAN\VLC;.;C:\Program Files\TortoiseSVN\bin;C:\Program Files (x86)\QuickTime\QTSystem\;C:\Program Files\VideoLAN\VLC;C:\Windows\System32;C:\Program Files (x86)\OpenVPN\bin;.;C:\Program Files\Java\jdk1.6.0_35\bin;.; C:\Acedemic Softwares;C:\eclipse-jee-juno-SR1-win32-x86_64\eclipse;;."/>
    <property name="java.specification.name" value="Java Platform API Specification"/>
    <property name="java.class.version" value="50.0"/>
    <property name="sun.management.compiler" value="HotSpot 64-Bit Tiered Compilers"/>
    <property name="os.version" value="6.1"/>
    <property name="user.home" value="C:\Users\Karthik"/>
    <property name="user.timezone" value="America/Chicago"/>
    <property name="java.awt.printerjob" value="sun.awt.windows.WPrinterJob"/>
    <property name="file.encoding" value="Cp1252"/>
    <property name="java.specification.version" value="1.6"/>
    <property name="user.name" value="Karthik"/>
    <property name="java.class.path" value="/C:/eclipse-jee-juno-SR1-win32-x86_64/eclipse/configuration/org.eclipse.osgi/bundles/1278/1/.cp/jars/plexus-classworlds-2.4.jar"/>
    <property name="java.vm.specification.version" value="1.0"/>
    <property name="sun.arch.data.model" value="64"/>
    <property name="java.home" value="C:\Program Files\Java\jdk1.6.0_35\jre"/>
    <property name="sun.java.command" value="org.codehaus.plexus.classworlds.launcher.Launcher -B test"/>
    <property name="java.specification.vendor" value="Sun Microsystems Inc."/>
    <property name="user.language" value="en"/>
    <property name="awt.toolkit" value="sun.awt.windows.WToolkit"/>
    <property name="java.vm.info" value="mixed mode"/>
    <property name="java.version" value="1.6.0_35"/>
    <property name="java.ext.dirs" value="C:\Program Files\Java\jdk1.6.0_35\jre\lib\ext;C:\Windows\Sun\Java\lib\ext"/>
    <property name="sun.boot.class.path" value="C:\Program Files\Java\jdk1.6.0_35\jre\lib\resources.jar;C:\Program Files\Java\jdk1.6.0_35\jre\lib\rt.jar;C:\Program Files\Java\jdk1.6.0_35\jre\lib\sunrsasign.jar;C:\Program Files\Java\jdk1.6.0_35\jre\lib\jsse.jar;C:\Program Files\Java\jdk1.6.0_35\jre\lib\jce.jar;C:\Program Files\Java\jdk1.6.0_35\jre\lib\charsets.jar;C:\Program Files\Java\jdk1.6.0_35\jre\lib\modules\jdk.boot.jar;C:\Program Files\Java\jdk1.6.0_35\jre\classes"/>
    <property name="java.vendor" value="Sun Microsystems Inc."/>
    <property name="maven.home" value="C:\Users\Karthik\workspace_j2ee\jLevenshtein_v0_2\EMBEDDED"/>
    <property name="file.separator" value="\"/>
    <property name="java.vendor.url.bug" value="http://java.sun.com/cgi-bin/bugreport.cgi"/>
    <property name="maven.bootclasspath" value="/C:/eclipse-jee-juno-SR1-win32-x86_64/eclipse/configuration/org.eclipse.osgi/bundles/1278/1/.cp/jars/plexus-classworlds-2.4.jar"/>
    <property name="sun.cpu.endian" value="little"/>
    <property name="sun.io.unicode.encoding" value="UnicodeLittle"/>
    <property name="sun.desktop" value="windows"/>
    <property name="sun.cpu.isalist" value="amd64"/>
  </properties>
  <testcase time="0" classname="net.sourceforge.jlevenshtein.LevenshteinTest" name="levFlagTest2"/>
  <testcase time="0" classname="net.sourceforge.jlevenshtein.LevenshteinTest" name="levFlagTest3"/>
  <testcase time="0" classname="net.sourceforge.jlevenshtein.LevenshteinTest" name="levFlagTest4"/>
  <testcase time="0" classname="net.sourceforge.jlevenshtein.LevenshteinTest" name="levFlagTest5"/>
  <testcase time="0" classname="net.sourceforge.jlevenshtein.LevenshteinTest" name="costTest"/>
  <testcase time="0.301" classname="net.sourceforge.jlevenshtein.LevenshteinTest" name="levFlagTest"/>
  <testcase time="0.001" classname="net.sourceforge.jlevenshtein.LevenshteinTest" name="compareTest_CopyConst"/>
  <testcase time="0.002" classname="net.sourceforge.jlevenshtein.LevenshteinTest" name="compareTest_Phonetic"/>
  <testcase time="0.001" classname="net.sourceforge.jlevenshtein.LevenshteinTest" name="compareTest_Sample2"/>
  <testcase time="0.001" classname="net.sourceforge.jlevenshtein.LevenshteinTest" name="compareTest_Sample3"/>
  <testcase time="0" classname="net.sourceforge.jlevenshtein.LevenshteinTest" name="compareTest_Nullpointer"/>
</testsuite>